<?xml version="1.0" encoding="UTF-8"?>
<!-- Generated by org.testng.reporters.JUnitReportReporter -->
<testsuite hostname="Rikki_PC" failures="0" tests="3" name="com.concast.crm.orgtest.CreateOrganisationTest" time="49.330" errors="0" timestamp="2025-09-11T12:38:28 IST" skipped="0">
  <testcase classname="com.concast.crm.orgtest.CreateOrganisationTest" name="createOrgTest" time="24.935"/>
  <testcase classname="com.concast.crm.orgtest.CreateOrganisationTest" name="createOrgWithIndustry" time="11.928"/>
  <testcase classname="com.concast.crm.orgtest.CreateOrganisationTest" name="createOrgWithPhoneNumber" time="12.467"/>
  <system-out>
    <![CDATA[Report Log Step-3
Report Log Step-4
Report Log Step-6
Report Log Step-7]]>
  </system-out>
</testsuite> <!-- com.concast.crm.orgtest.CreateOrganisationTest -->
