<?xml version="1.0" encoding="UTF-8"?>
<!-- Generated by org.testng.reporters.JUnitReportReporter -->
<testsuite hostname="Rikki_PC" failures="0" tests="1" name="practice.test.GetProductInfoFlipkartTest" time="19.084" errors="0" timestamp="2025-09-11T12:38:28 IST" skipped="0">
  <testcase classname="practice.test.GetProductInfoFlipkartTest" name="getProductInfoFlipkartTest" time="19.084"/>
  <system-out>
    <![CDATA[Report Log Step-3
Report Log Step-4
Report Log Step-6
Report Log Step-7]]>
  </system-out>
</testsuite> <!-- practice.test.GetProductInfoFlipkartTest -->
