<?xml version="1.0" encoding="UTF-8"?>
<!-- Generated by org.testng.reporters.JUnitReportReporter -->
<testsuite hostname="Rikki_PC" failures="0" tests="2" name="pac2.OrgTest" time="0.013" errors="0" timestamp="2025-09-12T15:01:58 IST" skipped="0">
  <testcase classname="pac2.OrgTest" name="modifyOrgTest" time="0.002"/>
  <testcase classname="pac2.OrgTest" name="createOrgTest" time="0.011"/>
</testsuite> <!-- pac2.OrgTest -->
