<?xml version="1.0" encoding="UTF-8"?>
<!-- Generated by org.testng.reporters.JUnitXMLReporter -->
<testsuite ignored="0" hostname="Rikki_PC" failures="0" tests="3" name="Test-2" time="41.735" errors="0" timestamp="2025-08-28T23:30:10 IST">
  <testcase classname="com.concast.crm.orgtest.CreateOrganisationTest" name="createOrgTest" time="6.597"/>
  <testcase classname="com.concast.crm.orgtest.CreateOrganisationTest" name="createOrgWithIndustry" time="5.791"/>
  <testcase classname="com.concast.crm.orgtest.CreateOrganisationTest" name="createOrgWithPhoneNumber" time="5.699"/>
</testsuite> <!-- Test-2 -->
