<?xml version="1.0" encoding="UTF-8"?>
<!-- Generated by org.testng.reporters.JUnitXMLReporter -->
<testsuite ignored="0" hostname="Rikki_PC" failures="0" tests="3" name="Test-1" time="40.807" errors="0" timestamp="2025-08-28T23:30:51 IST">
  <testcase classname="com.concast.crm.contacttest.CreateContactTest" name="createContactTest" time="6.971"/>
  <testcase classname="com.concast.crm.contacttest.CreateContactTest" name="createContactWithOrgTest" time="12.443"/>
  <testcase classname="com.concast.crm.contacttest.CreateContactTest" name="createContactWithSupportDate" time="4.507"/>
</testsuite> <!-- Test-1 -->
