<?xml version="1.0" encoding="UTF-8"?>
<!-- Generated by org.testng.reporters.JUnitReportReporter -->
<testsuite hostname="Rikki_PC" failures="0" tests="3" name="com.concast.crm.orgtest.CreateOrganisationTest" time="37.391" errors="0" timestamp="2025-08-28T23:30:51 IST" skipped="0">
  <testcase classname="com.concast.crm.orgtest.CreateOrganisationTest" name="createOrgTest" time="20.520"/>
  <testcase classname="com.concast.crm.orgtest.CreateOrganisationTest" name="createOrgWithPhoneNumber" time="8.471"/>
  <testcase classname="com.concast.crm.orgtest.CreateOrganisationTest" name="createOrgWithIndustry" time="8.400"/>
</testsuite> <!-- com.concast.crm.orgtest.CreateOrganisationTest -->
