<?xml version="1.0" encoding="UTF-8"?>
<!-- Generated by org.testng.reporters.JUnitReportReporter -->
<testsuite hostname="Rikki_PC" failures="0" tests="1" name="practice.test.GetProductInfoTest2" time="47.311" errors="0" timestamp="2025-08-24T21:12:46 IST" skipped="0">
  <testcase classname="practice.test.GetProductInfoTest2" name="getProductInfoTest" time="47.311"/>
</testsuite> <!-- practice.test.GetProductInfoTest2 -->
