<?xml version="1.0" encoding="UTF-8"?>
<!-- Generated by org.testng.reporters.JUnitReportReporter -->
<testsuite hostname="Rikki_PC" failures="0" tests="3" name="practice.test.GetProductInfoInAmazonTest" time="40.299" errors="0" timestamp="2025-08-23T15:37:38 IST" skipped="0">
  <testcase classname="practice.test.GetProductInfoInAmazonTest" name="getProductInfoTest" time="8.299"/>
  <testcase classname="practice.test.GetProductInfoInAmazonTest" name="getProductInfoTest" time="11.666"/>
  <testcase classname="practice.test.GetProductInfoInAmazonTest" name="getProductInfoTest" time="20.334"/>
</testsuite> <!-- practice.test.GetProductInfoInAmazonTest -->
