<?xml version="1.0" encoding="UTF-8"?>
<!-- Generated by org.testng.reporters.JUnitReportReporter -->
<testsuite hostname="Rikki_PC" failures="0" tests="3" name="com.concast.crm.contacttest.CreateContactTest" time="487.605" errors="0" timestamp="2025-09-04T16:58:47 IST" skipped="0">
  <testcase classname="com.concast.crm.contacttest.CreateContactTest" name="createContactWithSupportDate" time="405.634"/>
  <testcase classname="com.concast.crm.contacttest.CreateContactTest" name="createContactWithOrgTest" time="25.566"/>
  <testcase classname="com.concast.crm.contacttest.CreateContactTest" name="createContactTest" time="56.405"/>
</testsuite> <!-- com.concast.crm.contacttest.CreateContactTest -->
