<?xml version="1.0" encoding="UTF-8"?>
<!-- Generated by org.testng.reporters.JUnitReportReporter -->
<testsuite hostname="Rikki_PC" failures="0" tests="1" name="practice.test.ReporterLogTest" time="0.013" errors="0" timestamp="2025-08-28T21:44:49 IST" skipped="0">
  <testcase classname="practice.test.ReporterLogTest" name="reporterLogTest" time="0.013">
    <system-out>
      <![CDATA[Report Log Step-3
Report Log Step-4
Report Log Step-6
Report Log Step-7]]>
    </system-out>
  </testcase> <!-- reporterLogTest -->
  <system-out>
    <![CDATA[Report Log Step-3
Report Log Step-4
Report Log Step-6
Report Log Step-7]]>
  </system-out>
</testsuite> <!-- practice.test.ReporterLogTest -->
